2025-04-07 21:56:08,630 - GraphhopperApp - INFO - Starting new route planning session
2025-04-07 21:56:25,623 - GraphhopperApp - DEBUG - Geocoding API URL: https://graphhopper.com/api/1/geocode?q=opao%2C+mandaue+city&limit=1&key=
2025-04-07 21:56:33,973 - GraphhopperApp - DEBUG - Geocoding API response status: 401
2025-04-07 21:56:33,973 - GraphhopperApp - ERROR - Geocoding API error, status code: 401
2025-04-07 21:58:20,511 - GraphhopperApp - DEBUG - Geocoding API URL: https://graphhopper.com/api/1/geocode?q=python+-u+%22d%3A%5CISKOL+BOKOL%5Ctird+year+gaw%5C2nd+sem%5Cgrashopper%5CLAB+4.9.3%5Cfinalhopper.py%22&limit=1&key=
2025-04-07 21:58:21,359 - GraphhopperApp - DEBUG - Geocoding API response status: 401
2025-04-07 21:58:21,461 - GraphhopperApp - ERROR - Geocoding API error, status code: 401
2025-04-07 21:58:29,036 - GraphhopperApp - INFO - User chose to end session
2025-04-07 21:58:46,408 - GraphhopperApp - INFO - Starting new route planning session
2025-04-07 21:58:55,974 - GraphhopperApp - DEBUG - Geocoding API URL: https://graphhopper.com/api/1/geocode?q=opao%2C+mandaue+city&limit=1&key=73092131-844f-47b8-a8ba-5e8a91ecdc61
2025-04-07 21:58:58,486 - GraphhopperApp - DEBUG - Geocoding API response status: 200
2025-04-07 21:58:58,486 - GraphhopperApp - DEBUG - Geocoding API response received
2025-04-07 21:58:58,486 - GraphhopperApp - INFO - Geocoding successful for Opao, Central Visayas, Philippines (Location Type: quarter)
2025-04-07 21:59:10,795 - GraphhopperApp - DEBUG - Geocoding API URL: https://graphhopper.com/api/1/geocode?q=Umapad%2C+Mandaue+City&limit=1&key=73092131-844f-47b8-a8ba-5e8a91ecdc61
2025-04-07 21:59:12,271 - GraphhopperApp - DEBUG - Geocoding API response status: 200
2025-04-07 21:59:12,271 - GraphhopperApp - DEBUG - Geocoding API response received
2025-04-07 21:59:12,271 - GraphhopperApp - INFO - Geocoding successful for Mandaue City, Central Visayas, Philippines (Location Type: bus_stop)
2025-04-07 21:59:12,271 - GraphhopperApp - DEBUG - Routing API URL: https://graphhopper.com/api/1/route?key=73092131-844f-47b8-a8ba-5e8a91ecdc61&vehicle=car&point=10.328849%2C123.9569421&point=10.3334739%2C123.9615908
2025-04-07 21:59:13,462 - GraphhopperApp - DEBUG - Routing API response status: 200
2025-04-07 21:59:13,463 - GraphhopperApp - INFO - Route calculated - Distance: 2411.79m, Duration: 00:07:12
2025-04-07 21:59:24,204 - GraphhopperApp - INFO - User chose to end session
2025-04-07 22:06:40,765 - GraphhopperApp - INFO - Starting new route planning session
2025-04-07 22:06:50,061 - GraphhopperApp - DEBUG - Geocoding API URL: https://graphhopper.com/api/1/geocode?q=opao%2C+mandaue+city&limit=1&key=73092131-844f-47b8-a8ba-5e8a91ecdc61
2025-04-07 22:06:53,237 - GraphhopperApp - DEBUG - Geocoding API response status: 200
2025-04-07 22:06:53,237 - GraphhopperApp - DEBUG - Geocoding API response received
2025-04-07 22:06:53,237 - GraphhopperApp - INFO - Geocoding successful for Opao, Central Visayas, Philippines (Location Type: quarter)
2025-04-07 22:07:06,072 - GraphhopperApp - DEBUG - Geocoding API URL: https://graphhopper.com/api/1/geocode?q=umapad%2C+mandaue+city&limit=1&key=73092131-844f-47b8-a8ba-5e8a91ecdc61
2025-04-07 22:07:07,932 - GraphhopperApp - DEBUG - Geocoding API response status: 200
2025-04-07 22:07:07,932 - GraphhopperApp - DEBUG - Geocoding API response received
2025-04-07 22:07:07,932 - GraphhopperApp - INFO - Geocoding successful for Mandaue City, Central Visayas, Philippines (Location Type: bus_stop)
2025-04-07 22:07:07,933 - GraphhopperApp - DEBUG - Routing API URL: https://graphhopper.com/api/1/route?key=73092131-844f-47b8-a8ba-5e8a91ecdc61&vehicle=car&point=10.328849%2C123.9569421&point=10.3334739%2C123.9615908
2025-04-07 22:07:08,758 - GraphhopperApp - DEBUG - Routing API response status: 200
2025-04-07 22:07:08,760 - GraphhopperApp - INFO - Route calculated - Distance: 2411.79m, Duration: 00:07:12
2025-04-07 22:08:10,274 - GraphhopperApp - INFO - User chose to end session
